<?xml version="1.0" encoding="UTF-8"?>
<!-- Generated by org.testng.reporters.JUnitReportReporter -->
<testsuite hostname="dell-PC" name="googletest.GoogleTest" tests="1" failures="0" timestamp="23 May 2017 05:52:15 GMT" time="21.575" errors="0">
  <testcase name="openbrowser" time="21.575" classname="googletest.GoogleTest"/>
</testsuite> <!-- googletest.GoogleTest -->
